2025-04-27 23:05:21,531 | sqldb | INFO | Database connected
2025-04-27 23:05:21,533 | sqldb | WARNING | Slow query
2025-04-27 23:05:21,533 | sqldb | ERROR | Database corruption
2025-04-27 23:05:21,534 | sqldb | CRITICAL | Database failure
2025-04-27 23:29:09,895 | sqldb | CRITICAL | Database failure detected
2025-04-27 23:29:09,898 | sqldb | ERROR | Database corruption
2025-04-27 23:29:09,900 | sqldb | WARNING | Slow query detected
2025-04-27 23:29:09,904 | sqldb | INFO | Database connected successfully
2025-04-27 23:29:09,953 | sqldb | INFO | Database query executed
2025-04-27 23:29:09,953 | sqldb | INFO | Database query executed
2025-04-27 23:31:24,202 | sqldb | INFO | Database connected
2025-04-27 23:31:24,202 | sqldb | INFO | Database connected
2025-04-27 23:31:24,202 | sqldb | INFO | Database connected
2025-04-27 23:31:24,213 | sqldb | WARNING | Slow query
2025-04-27 23:31:24,213 | sqldb | WARNING | Slow query
2025-04-27 23:31:24,213 | sqldb | WARNING | Slow query
2025-04-27 23:31:24,215 | sqldb | ERROR | Database corruption
2025-04-27 23:31:24,215 | sqldb | ERROR | Database corruption
2025-04-27 23:31:24,215 | sqldb | ERROR | Database corruption
2025-04-27 23:31:24,218 | sqldb | CRITICAL | Database failure detected
2025-04-27 23:31:24,218 | sqldb | CRITICAL | Database failure detected
2025-04-27 23:31:24,218 | sqldb | CRITICAL | Database failure detected
2025-04-27 23:35:31,933 | sqldb | INFO | Database connected
2025-04-27 23:35:31,934 | sqldb | WARNING | Slow query
2025-04-27 23:35:31,934 | sqldb | ERROR | Database corruption
2025-04-27 23:35:31,934 | sqldb | CRITICAL | Database failure detected
2025-04-27 23:44:38,281 | sqldb | INFO | Database connected
2025-04-27 23:44:38,281 | sqldb | INFO | Database connected
2025-04-27 23:44:38,282 | sqldb | WARNING | Slow query
2025-04-27 23:44:38,282 | sqldb | WARNING | Slow query
2025-04-27 23:44:38,282 | sqldb | ERROR | Database corruption
2025-04-27 23:44:38,282 | sqldb | ERROR | Database corruption
2025-04-27 23:44:38,282 | sqldb | CRITICAL | Database failure detected
2025-04-27 23:44:38,282 | sqldb | CRITICAL | Database failure detected
2025-04-27 23:45:05,350 | sqldb | INFO | Database connected
2025-04-27 23:45:05,350 | sqldb | INFO | Database connected
2025-04-27 23:45:05,350 | sqldb | INFO | Database connected
2025-04-27 23:45:05,351 | sqldb | WARNING | Slow query
2025-04-27 23:45:05,351 | sqldb | WARNING | Slow query
2025-04-27 23:45:05,351 | sqldb | WARNING | Slow query
2025-04-27 23:45:05,351 | sqldb | ERROR | Database corruption
2025-04-27 23:45:05,351 | sqldb | ERROR | Database corruption
2025-04-27 23:45:05,351 | sqldb | ERROR | Database corruption
2025-04-27 23:45:05,351 | sqldb | CRITICAL | Database failure detected
2025-04-27 23:45:05,351 | sqldb | CRITICAL | Database failure detected
2025-04-27 23:45:05,351 | sqldb | CRITICAL | Database failure detected
2025-04-27 23:50:25,370 | sqldb | INFO | Database connected
2025-04-27 23:50:25,370 | sqldb | INFO | Database connected
2025-04-27 23:50:25,370 | sqldb | INFO | Database connected
2025-04-27 23:50:25,370 | sqldb | INFO | Database connected
2025-04-27 23:50:25,371 | sqldb | WARNING | Slow query
2025-04-27 23:50:25,371 | sqldb | WARNING | Slow query
2025-04-27 23:50:25,371 | sqldb | WARNING | Slow query
2025-04-27 23:50:25,371 | sqldb | WARNING | Slow query
2025-04-27 23:50:25,371 | sqldb | ERROR | Database corruption
2025-04-27 23:50:25,371 | sqldb | ERROR | Database corruption
2025-04-27 23:50:25,371 | sqldb | ERROR | Database corruption
2025-04-27 23:50:25,371 | sqldb | ERROR | Database corruption
2025-04-27 23:50:25,371 | sqldb | CRITICAL | Database failure detected
2025-04-27 23:50:25,371 | sqldb | CRITICAL | Database failure detected
2025-04-27 23:50:25,371 | sqldb | CRITICAL | Database failure detected
2025-04-27 23:50:25,371 | sqldb | CRITICAL | Database failure detected
